  main.cpp
C:\Users\jbesl\Source\Repos\Sparky-Engine\Sparky-core\Sparky-core\src\math\math_func.h(10,19): warning C4244: 'return': conversion from 'double' to 'float', possible loss of data
C:\Program Files (x86)\Windows Kits\10\Include\10.0.18362.0\shared\minwindef.h(130,1): warning C4005: 'APIENTRY': macro redefinition
C:\Users\jbesl\Source\Repos\Sparky-Engine\Sparky-core\Sparky-core\Dependencies\GLFW\include\GLFW\glfw3.h(123): message : see previous definition of 'APIENTRY'
C:\Users\jbesl\Source\Repos\Sparky-Engine\Sparky-core\Sparky-core\main.cpp(38,12): warning C4244: 'argument': conversion from 'time_t' to 'unsigned int', possible loss of data
C:\Users\jbesl\Source\Repos\Sparky-Engine\Sparky-core\Sparky-core\main.cpp(84,21): warning C4018: '<': signed/unsigned mismatch
  batchrenderer2d.cpp
C:\Users\jbesl\Source\Repos\Sparky-Engine\Sparky-core\Sparky-core\src\math\math_func.h(10,19): warning C4244: 'return': conversion from 'double' to 'float', possible loss of data
  buffer.cpp
  indexbuffer.cpp
  vertexarray.cpp
C:\Users\jbesl\Source\Repos\Sparky-Engine\Sparky-core\Sparky-core\src\graphics\buffers\vertexarray.cpp(12,21): warning C4018: '<': signed/unsigned mismatch
  simple2drenderer.cpp
C:\Users\jbesl\Source\Repos\Sparky-Engine\Sparky-core\Sparky-core\src\math\math_func.h(10,19): warning C4244: 'return': conversion from 'double' to 'float', possible loss of data
  shader.cpp
C:\Users\jbesl\Source\Repos\Sparky-Engine\Sparky-core\Sparky-core\src\math\math_func.h(10,19): warning C4244: 'return': conversion from 'double' to 'float', possible loss of data
  sprite.cpp
C:\Users\jbesl\Source\Repos\Sparky-Engine\Sparky-core\Sparky-core\src\math\math_func.h(10,19): warning C4244: 'return': conversion from 'double' to 'float', possible loss of data
  static_sprite.cpp
C:\Users\jbesl\Source\Repos\Sparky-Engine\Sparky-core\Sparky-core\src\math\math_func.h(10,19): warning C4244: 'return': conversion from 'double' to 'float', possible loss of data
  window.cpp
  mat4.cpp
C:\Users\jbesl\Source\Repos\Sparky-Engine\Sparky-core\Sparky-core\src\math\math_func.h(10,19): warning C4244: 'return': conversion from 'double' to 'float', possible loss of data
  vec2.cpp
  vec3.cpp
  vec4.cpp
LINK : warning LNK4098: defaultlib 'MSVCRT' conflicts with use of other libs; use /NODEFAULTLIB:library
LINK : warning LNK4098: defaultlib 'LIBCMT' conflicts with use of other libs; use /NODEFAULTLIB:library
  Generating code
  Compiler switch has changed, fall back to full compilation.
  All 239 functions were compiled because no usable IPDB/IOBJ from previous compilation was found.
  Finished generating code
glew32s.lib(glew.obj) : warning LNK4099: PDB 'vc120.pdb' was not found with 'glew32s.lib(glew.obj)' or at 'C:\Users\jbesl\Source\Repos\Sparky-Engine\Sparky-core\Release\vc120.pdb'; linking object as if no debug info
  Sparky-core.vcxproj -> C:\Users\jbesl\Source\Repos\Sparky-Engine\Sparky-core\Release\Sparky-core.exe
